AF110138_mitochondrial_16S_Nephroselmis_olivacea	gi|6066150|gb|AF110138.1|AF110138	100.00	1497	0	0	1	1497	43716	45212	0.0	 2765	Nephroselmis olivacea mitochondrion, complete genome	Eukaryota	Nephroselmis olivacea	Nephroselmis olivacea
AF353999_mitochondrial_16S_Mesostigma_viride	gi|17222548|gb|AF353999.1|AF353999	100.00	1546	0	0	1	1546	4499	6044	0.0	 2856	Mesostigma viride mitochondrion, complete genome	Eukaryota	Mesostigma viride	Mesostigma viride
AP008982_mitochondrial_16S_Triticum_aestivum	gi|291498594|gb|GU985444.1|	100.00	1938	0	0	1	1938	67855	65918	0.0	 3579	Triticum aestivum mitochondrion, complete genome	Eukaryota	Triticum aestivum	bread wheat
AP008982_mitochondrial_16S_Triticum_aestivum	gi|291498594|gb|GU985444.1|	100.00	1938	0	0	1	1938	222583	220646	0.0	 3579	Triticum aestivum mitochondrion, complete genome	Eukaryota	Triticum aestivum	bread wheat
AP008982_mitochondrial_16S_Triticum_aestivum	gi|291498594|gb|GU985444.1|	100.00	1938	0	0	1	1938	516586	518523	0.0	 3579	Triticum aestivum mitochondrion, complete genome	Eukaryota	Triticum aestivum	bread wheat
AP008982_mitochondrial_16S_Triticum_aestivum	gi|291498594|gb|GU985444.1|	100.00	1938	0	0	1	1938	566081	568018	0.0	 3579	Triticum aestivum mitochondrion, complete genome	Eukaryota	Triticum aestivum	bread wheat
AP008982_mitochondrial_16S_Triticum_aestivum	gi|291498594|gb|GU985444.1|	100.00	42	0	0	1270	1311	289163	289204	2e-10	78.7	Triticum aestivum mitochondrion, complete genome	Eukaryota	Triticum aestivum	bread wheat
AP008982_mitochondrial_16S_Triticum_aestivum	gi|291498594|gb|GU985444.1|	100.00	42	0	0	1270	1311	360347	360388	2e-10	78.7	Triticum aestivum mitochondrion, complete genome	Eukaryota	Triticum aestivum	bread wheat
AP011076_mitochondrial_16S_Oryza_rufipogon	gi|353685281|gb|JN861112.1|	100.00	1678	0	0	1	1678	213546	211869	0.0	 3099	Oryza sativa Indica Group mitochondrion, complete genome	Eukaryota	Oryza sativa Indica Group	Indian rice
AP011076_mitochondrial_16S_Oryza_rufipogon	gi|353685281|gb|JN861112.1|	100.00	1678	0	0	1	1678	368752	367075	0.0	 3099	Oryza sativa Indica Group mitochondrion, complete genome	Eukaryota	Oryza sativa Indica Group	Indian rice
AP011076_mitochondrial_16S_Oryza_rufipogon	gi|353685281|gb|JN861112.1|	100.00	35	0	0	1156	1190	359269	359235	1e-06	65.8	Oryza sativa Indica Group mitochondrion, complete genome	Eukaryota	Oryza sativa Indica Group	Indian rice
AY506529_mitochondrial_16S_Zea_mays	gi|119710194|gb|DQ490951.2|	100.00	1951	0	0	1	1951	43871	45821	0.0	 3603	Zea mays subsp. mays genotype CMS-S mitochondrion, complete genome	Eukaryota	Zea mays subsp. mays	maize
AY506529_mitochondrial_16S_Zea_mays	gi|119710194|gb|DQ490951.2|	100.00	36	0	0	1278	1313	63194	63159	4e-07	67.6	Zea mays subsp. mays genotype CMS-S mitochondrion, complete genome	Eukaryota	Zea mays subsp. mays	maize
AY506529_mitochondrial_16S_Zea_mays_2	gi|338826055|gb|HQ183502.1|	100.00	1478	0	0	1	1478	10	1487	0.0	 2730	Eleusine coracana 16S ribosomal RNA (rrn16) gene, partial sequence; plastid	Eukaryota	Eleusine coracana	finger millet
BA000042_mitochondrial_16S_Nicotiana_tabacum	gi|56806513|dbj|BA000042.1|	100.00	1885	0	0	1	1885	108349	110233	0.0	 3482	Nicotiana tabacum mitochondrial DNA, complete genome	Eukaryota	Nicotiana tabacum	common tobacco
BA000042_mitochondrial_16S_Nicotiana_tabacum	gi|56806513|dbj|BA000042.1|	100.00	65	0	0	1821	1885	216697	216761	3e-23	  121	Nicotiana tabacum mitochondrial DNA, complete genome	Eukaryota	Nicotiana tabacum	common tobacco
BA000042_mitochondrial_16S_Nicotiana_tabacum	gi|56806513|dbj|BA000042.1|	95.00	40	1	1	33	71	66139	66178	2e-05	62.1	Nicotiana tabacum mitochondrial DNA, complete genome	Eukaryota	Nicotiana tabacum	common tobacco
BA000042_mitochondrial_16S_Nicotiana_tabacum	gi|56806513|dbj|BA000042.1|	95.00	40	1	1	33	71	416889	416928	2e-05	62.1	Nicotiana tabacum mitochondrial DNA, complete genome	Eukaryota	Nicotiana tabacum	common tobacco
BA000042_mitochondrial_16S_Nicotiana_tabacum	gi|56806513|dbj|BA000042.1|	92.68	41	3	0	659	699	216658	216698	7e-05	60.2	Nicotiana tabacum mitochondrial DNA, complete genome	Eukaryota	Nicotiana tabacum	common tobacco
BA000042_mitochondrial_16S_Nicotiana_tabacum	gi|56806513|dbj|BA000042.1|	100.00	28	0	0	1253	1280	97125	97152	0.011	52.8	Nicotiana tabacum mitochondrial DNA, complete genome	Eukaryota	Nicotiana tabacum	common tobacco
CR954200_mitochondrial_16S_Ostreococcus_tauri	gi|112806880|emb|CR954200.2|	100.00	1117	0	0	1	1117	17483	18599	0.0	 2063	Ostreococcus tauri mitochondrion, complete genome	Eukaryota	Ostreococcus tauri	Ostreococcus tauri
CR954200_mitochondrial_16S_Ostreococcus_tauri	gi|112806880|emb|CR954200.2|	100.00	1117	0	0	1	1117	38551	37435	0.0	 2063	Ostreococcus tauri mitochondrion, complete genome	Eukaryota	Ostreococcus tauri	Ostreococcus tauri
DQ365900_mitochondrial_16S_Oltmannsiellopsis_viridis	gi|86450254|gb|DQ365900.1|	100.00	2883	0	0	1	2883	13319	10437	0.0	 5325	Oltmannsiellopsis viridis mitochondrion, complete genome	Eukaryota	Oltmannsiellopsis viridis	Oltmannsiellopsis viridis
DQ365900_mitochondrial_16S_Oltmannsiellopsis_viridis	gi|86450254|gb|DQ365900.1|	96.55	87	1	2	1257	1342	56160	56245	1e-29	  143	Oltmannsiellopsis viridis mitochondrion, complete genome	Eukaryota	Oltmannsiellopsis viridis	Oltmannsiellopsis viridis
DQ365900_mitochondrial_16S_Oltmannsiellopsis_viridis	gi|86450254|gb|DQ365900.1|	91.84	98	5	3	199	295	27136	27041	6e-27	  134	Oltmannsiellopsis viridis mitochondrion, complete genome	Eukaryota	Oltmannsiellopsis viridis	Oltmannsiellopsis viridis
DQ365900_mitochondrial_16S_Oltmannsiellopsis_viridis	gi|86450254|gb|DQ365900.1|	94.32	88	1	4	1257	1342	36298	36213	2e-26	  132	Oltmannsiellopsis viridis mitochondrion, complete genome	Eukaryota	Oltmannsiellopsis viridis	Oltmannsiellopsis viridis
DQ365900_mitochondrial_16S_Oltmannsiellopsis_viridis	gi|86450254|gb|DQ365900.1|	91.49	94	5	3	203	295	20865	20774	1e-24	  126	Oltmannsiellopsis viridis mitochondrion, complete genome	Eukaryota	Oltmannsiellopsis viridis	Oltmannsiellopsis viridis
DQ365900_mitochondrial_16S_Oltmannsiellopsis_viridis	gi|86450254|gb|DQ365900.1|	88.39	112	4	3	176	278	54623	54512	1e-24	  126	Oltmannsiellopsis viridis mitochondrion, complete genome	Eukaryota	Oltmannsiellopsis viridis	Oltmannsiellopsis viridis
DQ365900_mitochondrial_16S_Oltmannsiellopsis_viridis	gi|86450254|gb|DQ365900.1|	95.95	74	2	1	155	228	41117	41189	2e-22	  119	Oltmannsiellopsis viridis mitochondrion, complete genome	Eukaryota	Oltmannsiellopsis viridis	Oltmannsiellopsis viridis
DQ365900_mitochondrial_16S_Oltmannsiellopsis_viridis	gi|86450254|gb|DQ365900.1|	100.00	60	0	0	161	220	13538	13479	3e-20	  111	Oltmannsiellopsis viridis mitochondrion, complete genome	Eukaryota	Oltmannsiellopsis viridis	Oltmannsiellopsis viridis
DQ365900_mitochondrial_16S_Oltmannsiellopsis_viridis	gi|86450254|gb|DQ365900.1|	98.11	53	1	0	168	220	24965	24913	1e-14	93.5	Oltmannsiellopsis viridis mitochondrion, complete genome	Eukaryota	Oltmannsiellopsis viridis	Oltmannsiellopsis viridis
DQ365900_mitochondrial_16S_Oltmannsiellopsis_viridis	gi|86450254|gb|DQ365900.1|	98.11	53	1	0	168	220	41583	41635	1e-14	93.5	Oltmannsiellopsis viridis mitochondrion, complete genome	Eukaryota	Oltmannsiellopsis viridis	Oltmannsiellopsis viridis
DQ365900_mitochondrial_16S_Oltmannsiellopsis_viridis	gi|86450254|gb|DQ365900.1|	98.11	53	1	0	168	220	54590	54642	1e-14	93.5	Oltmannsiellopsis viridis mitochondrion, complete genome	Eukaryota	Oltmannsiellopsis viridis	Oltmannsiellopsis viridis
DQ365900_mitochondrial_16S_Oltmannsiellopsis_viridis	gi|86450254|gb|DQ365900.1|	83.33	108	8	5	199	299	20398	20294	4e-14	91.6	Oltmannsiellopsis viridis mitochondrion, complete genome	Eukaryota	Oltmannsiellopsis viridis	Oltmannsiellopsis viridis
DQ365900_mitochondrial_16S_Oltmannsiellopsis_viridis	gi|86450254|gb|DQ365900.1|	98.11	53	0	1	218	270	21657	21708	4e-14	91.6	Oltmannsiellopsis viridis mitochondrion, complete genome	Eukaryota	Oltmannsiellopsis viridis	Oltmannsiellopsis viridis
DQ365900_mitochondrial_16S_Oltmannsiellopsis_viridis	gi|86450254|gb|DQ365900.1|	100.00	31	0	0	199	229	51709	51739	4e-04	58.4	Oltmannsiellopsis viridis mitochondrion, complete genome	Eukaryota	Oltmannsiellopsis viridis	Oltmannsiellopsis viridis
DQ365900_mitochondrial_16S_Oltmannsiellopsis_viridis	gi|86450254|gb|DQ365900.1|	94.59	37	1	1	162	197	20884	20848	0.001	56.5	Oltmannsiellopsis viridis mitochondrion, complete genome	Eukaryota	Oltmannsiellopsis viridis	Oltmannsiellopsis viridis
DQ645536_mitochondrial_16S_Zea_mays	gi|102579626|gb|DQ645536.1|	100.00	1949	0	0	1	1949	183011	181063	0.0	 3600	Zea mays subsp. mays genotype CMS-C mitochondrion, complete genome	Eukaryota	Zea mays subsp. mays	maize
DQ645536_mitochondrial_16S_Zea_mays	gi|102579626|gb|DQ645536.1|	100.00	1949	0	0	1	1949	362526	364474	0.0	 3600	Zea mays subsp. mays genotype CMS-C mitochondrion, complete genome	Eukaryota	Zea mays subsp. mays	maize
DQ645536_mitochondrial_16S_Zea_mays	gi|102579626|gb|DQ645536.1|	100.00	36	0	0	1283	1318	163704	163739	4e-07	67.6	Zea mays subsp. mays genotype CMS-C mitochondrion, complete genome	Eukaryota	Zea mays subsp. mays	maize
DQ645536_mitochondrial_16S_Zea_mays	gi|102579626|gb|DQ645536.1|	100.00	36	0	0	1283	1318	381833	381798	4e-07	67.6	Zea mays subsp. mays genotype CMS-C mitochondrion, complete genome	Eukaryota	Zea mays subsp. mays	maize
DQ645537_mitochondrial_16S_Zea_luxurians	gi|110287586|gb|DQ645537.1|	100.00	1934	0	0	1	1934	376234	378167	0.0	 3572	Zea luxurians mitochondrion, complete genome	Eukaryota	Zea luxurians	Florida teosinte
DQ645537_mitochondrial_16S_Zea_luxurians	gi|110287586|gb|DQ645537.1|	100.00	36	0	0	1268	1303	422849	422814	4e-07	67.6	Zea luxurians mitochondrion, complete genome	Eukaryota	Zea luxurians	Florida teosinte
DQ645538_mitochondrial_16S_Zea_perennis_2	gi|102567891|gb|DQ645538.1|	100.00	1941	0	0	1	1941	59116	57176	0.0	 3585	Zea perennis mitochondrion, complete genome	Eukaryota	Zea perennis	teosinte
DQ645538_mitochondrial_16S_Zea_perennis_2	gi|102567891|gb|DQ645538.1|	73.52	895	180	39	291	1159	331824	330961	3e-73	  287	Zea perennis mitochondrion, complete genome	Eukaryota	Zea perennis	teosinte
DQ645538_mitochondrial_16S_Zea_perennis_2	gi|102567891|gb|DQ645538.1|	100.00	36	0	0	1276	1311	200129	200094	4e-07	67.6	Zea perennis mitochondrion, complete genome	Eukaryota	Zea perennis	teosinte
DQ984517_mitochondrial_16S_Tripsacum_dactyloides	gi|114432085|gb|DQ984517.1|	100.00	1947	0	0	1	1947	670027	668081	0.0	 3596	Tripsacum dactyloides cultivar Pete mitochondrion, complete genome	Eukaryota	Tripsacum dactyloides	gama grass
DQ984517_mitochondrial_16S_Tripsacum_dactyloides	gi|114432085|gb|DQ984517.1|	100.00	40	0	0	1270	1309	634166	634205	2e-09	75.0	Tripsacum dactyloides cultivar Pete mitochondrion, complete genome	Eukaryota	Tripsacum dactyloides	gama grass
DQ984518_mitochondrial_16S_Sorghum_bicolor	gi|114309646|gb|DQ984518.1|	100.00	1944	0	0	1	1944	233118	235061	0.0	 3591	Sorghum bicolor mitochondrion, complete genome	Eukaryota	Sorghum bicolor	sorghum
DQ984518_mitochondrial_16S_Sorghum_bicolor	gi|114309646|gb|DQ984518.1|	100.00	40	0	0	1271	1310	223760	223799	2e-09	75.0	Sorghum bicolor mitochondrion, complete genome	Eukaryota	Sorghum bicolor	sorghum
EU365401_mitochondrial_16S_Bambusa_oldhamii	gi|164422210|gb|EU365401.1|	100.00	1965	0	0	1	1965	176539	174575	0.0	 3629	Bambusa oldhamii mitochondrion, complete genome	Eukaryota	Bambusa oldhamii	Bambusa oldhamii
EU365401_mitochondrial_16S_Bambusa_oldhamii	gi|164422210|gb|EU365401.1|	98.48	395	6	0	1	395	137494	137888	0.0	  699	Bambusa oldhamii mitochondrion, complete genome	Eukaryota	Bambusa oldhamii	Bambusa oldhamii
EU365401_mitochondrial_16S_Bambusa_oldhamii	gi|164422210|gb|EU365401.1|	99.28	279	1	1	1688	1965	75117	74839	3e-138	  503	Bambusa oldhamii mitochondrion, complete genome	Eukaryota	Bambusa oldhamii	Bambusa oldhamii
EU365401_mitochondrial_16S_Bambusa_oldhamii	gi|164422210|gb|EU365401.1|	73.57	889	180	41	296	1154	484032	483169	8e-74	  289	Bambusa oldhamii mitochondrion, complete genome	Eukaryota	Bambusa oldhamii	Bambusa oldhamii
EU365401_mitochondrial_16S_Bambusa_oldhamii	gi|164422210|gb|EU365401.1|	77.45	337	59	14	698	1024	26457	26128	1e-42	  185	Bambusa oldhamii mitochondrion, complete genome	Eukaryota	Bambusa oldhamii	Bambusa oldhamii
EU365401_mitochondrial_16S_Bambusa_oldhamii	gi|164422210|gb|EU365401.1|	100.00	48	0	0	1288	1335	349202	349249	9e-14	89.8	Bambusa oldhamii mitochondrion, complete genome	Eukaryota	Bambusa oldhamii	Bambusa oldhamii
EU365401_mitochondrial_16S_Bambusa_oldhamii_2	gi|441480313|gb|JX235348.1|	100.00	1478	0	0	1	1478	91684	93161	0.0	 2730	Cryptochloa strictiflora chloroplast, partial genome	Eukaryota	Cryptochloa strictiflora	Cryptochloa strictiflora
EU365401_mitochondrial_16S_Bambusa_oldhamii_2	gi|441480313|gb|JX235348.1|	100.00	1478	0	0	1	1478	123906	122429	0.0	 2730	Cryptochloa strictiflora chloroplast, partial genome	Eukaryota	Cryptochloa strictiflora	Cryptochloa strictiflora
EU660574_mitochondrial_16S_Nothoceros_aenigmaticus	gi|190889636|gb|EU660574.1|	100.00	1900	0	0	1	1900	3159	1260	0.0	 3509	Megaceros aenigmaticus mitochondrion, complete genome	Eukaryota	Megaceros aenigmaticus	Megaceros aenigmaticus
FJ999996_mitochondrial_16S_Pleurozia_purpurea	gi|262190488|gb|FJ999996.2|	100.00	1957	0	0	1	1957	143982	142026	0.0	 3615	Pleurozia purpurea mitochondrion, complete genome	Eukaryota	Pleurozia purpurea	Pleurozia purpurea
FJ999996_mitochondrial_16S_Pleurozia_purpurea	gi|262190488|gb|FJ999996.2|	100.00	36	0	0	1384	1419	144617	144652	4e-07	67.6	Pleurozia purpurea mitochondrion, complete genome	Eukaryota	Pleurozia purpurea	Pleurozia purpurea
GQ339576_mitochondrial_16S_Helicosporidium_sp.	gi|786182|gb|M68929.1|MPOMTCG	100.00	1541	0	0	1	1541	157910	156370	0.0	 2846	Marchantia polymorpha mitochondrion, complete genome	Eukaryota	Marchantia polymorpha	liverwort
GQ376531_mitochondrial_16S_Phaeoceros_laevis	gi|254596049|gb|GQ376531.1|	100.00	1899	0	0	1	1899	66637	64739	0.0	 3507	Phaeoceros laevis mitochondrion, complete genome	Eukaryota	Phaeoceros laevis	Phaeoceros laevis
PWU02970_mitochondrial_16S_Prototheca_wickerhamii	gi|467843|gb|U02970.1|PWU02970	100.00	2804	0	0	1	2804	3665	862	0.0	 5179	Prototheca wickerhamii 263-11 complete mitochondrial DNA	Eukaryota	Prototheca wickerhamii	Prototheca wickerhamii
PWU02970_mitochondrial_16S_Prototheca_wickerhamii	gi|467843|gb|U02970.1|PWU02970	86.42	81	5	2	1792	1866	28131	28051	6e-12	84.2	Prototheca wickerhamii 263-11 complete mitochondrial DNA	Eukaryota	Prototheca wickerhamii	Prototheca wickerhamii
PWU02970_mitochondrial_16S_Prototheca_wickerhamii	gi|467843|gb|U02970.1|PWU02970	97.06	34	0	1	2573	2606	38328	38296	0.001	56.5	Prototheca wickerhamii 263-11 complete mitochondrial DNA	Eukaryota	Prototheca wickerhamii	Prototheca wickerhamii
PWU02970_mitochondrial_16S_Prototheca_wickerhamii	gi|467843|gb|U02970.1|PWU02970	97.06	34	0	1	2573	2606	53631	53663	0.001	56.5	Prototheca wickerhamii 263-11 complete mitochondrial DNA	Eukaryota	Prototheca wickerhamii	Prototheca wickerhamii
PWU02970_mitochondrial_16S_Prototheca_wickerhamii	gi|467843|gb|U02970.1|PWU02970	96.97	33	0	1	2573	2605	25120	25089	0.005	54.7	Prototheca wickerhamii 263-11 complete mitochondrial DNA	Eukaryota	Prototheca wickerhamii	Prototheca wickerhamii
Y08501_mitochondrial_16S_Arabidopsis_thaliana	gi|49256807|emb|Y08501.2|	100.00	1918	0	0	1	1918	363269	361352	0.0	 3542	Arabidopsis thaliana mitochondrial genome	Eukaryota	Arabidopsis thaliana	thale cress
Y08501_mitochondrial_16S_Arabidopsis_thaliana	gi|49256807|emb|Y08501.2|	97.26	73	2	0	226	298	47050	47122	2e-24	  124	Arabidopsis thaliana mitochondrial genome	Eukaryota	Arabidopsis thaliana	thale cress
Y08501_mitochondrial_16S_Arabidopsis_thaliana	gi|49256807|emb|Y08501.2|	97.26	73	2	0	226	298	181215	181287	2e-24	  124	Arabidopsis thaliana mitochondrial genome	Eukaryota	Arabidopsis thaliana	thale cress
Y08501_mitochondrial_16S_Arabidopsis_thaliana	gi|49256807|emb|Y08501.2|	93.51	77	5	0	1842	1918	280253	280329	1e-21	  115	Arabidopsis thaliana mitochondrial genome	Eukaryota	Arabidopsis thaliana	thale cress
Y08501_mitochondrial_16S_Arabidopsis_thaliana	gi|49256807|emb|Y08501.2|	94.83	58	2	1	1282	1338	287622	287565	9e-14	89.8	Arabidopsis thaliana mitochondrial genome	Eukaryota	Arabidopsis thaliana	thale cress
Y08501_mitochondrial_16S_Arabidopsis_thaliana	gi|49256807|emb|Y08501.2|	100.00	38	0	0	21	58	289662	289625	3e-08	71.3	Arabidopsis thaliana mitochondrial genome	Eukaryota	Arabidopsis thaliana	thale cress
